<?xml version="1.0" encoding="UTF-8"?>
<testng-results ignored="0" total="3" passed="3" failed="0" skipped="0">
  <reporter-output>
  </reporter-output>
  <suite started-at="2024-04-18T14:49:51 IST" name="Default suite" finished-at="2024-04-18T14:49:55 IST" duration-ms="3795">
    <groups>
    </groups>
    <test started-at="2024-04-18T14:49:51 IST" name="Default test" finished-at="2024-04-18T14:49:55 IST" duration-ms="3795">
      <class name="Practice.PracticeFirstTest">
        <test-method is-config="true" signature="openbrowser()[pri:0, instance:Practice.PracticeFirstTest@6e0f5f7f]" started-at="2024-04-18T14:49:44 IST" name="openbrowser" finished-at="2024-04-18T14:49:51 IST" duration-ms="7724" status="PASS">
          <reporter-output>
          </reporter-output>
        </test-method> <!-- openbrowser -->
        <test-method signature="navigateToGoogle()[pri:1, instance:Practice.PracticeFirstTest@6e0f5f7f]" started-at="2024-04-18T14:49:51 IST" name="navigateToGoogle" finished-at="2024-04-18T14:49:55 IST" duration-ms="3683" status="PASS">
          <reporter-output>
          </reporter-output>
        </test-method> <!-- navigateToGoogle -->
        <test-method signature="keystobesend()[pri:2, instance:Practice.PracticeFirstTest@6e0f5f7f]" started-at="2024-04-18T14:49:55 IST" name="keystobesend" finished-at="2024-04-18T14:49:55 IST" duration-ms="26" status="PASS">
          <reporter-output>
          </reporter-output>
        </test-method> <!-- keystobesend -->
        <test-method signature="jenkinspractice()[pri:3, instance:Practice.PracticeFirstTest@6e0f5f7f]" started-at="2024-04-18T14:49:55 IST" name="jenkinspractice" finished-at="2024-04-18T14:49:55 IST" duration-ms="2" status="PASS">
          <reporter-output>
          </reporter-output>
        </test-method> <!-- jenkinspractice -->
      </class> <!-- Practice.PracticeFirstTest -->
    </test> <!-- Default test -->
  </suite> <!-- Default suite -->
</testng-results>
