<?xml version="1.0" encoding="UTF-8"?>
<!-- Generated by org.testng.reporters.JUnitXMLReporter -->
<testsuite ignored="0" hostname="LP95" failures="0" tests="3" name="Test" time="3.076" errors="0" timestamp="2024-04-18T14:36:03 IST">
  <testcase classname="Practice.PracticeFirstTest" name="navigateToGoogle" time="2.902"/>
  <testcase classname="Practice.PracticeFirstTest" name="keystobesend" time="0.065"/>
  <testcase classname="Practice.PracticeFirstTest" name="jenkinspractice" time="0.009"/>
</testsuite> <!-- Test -->
