<?xml version="1.0" encoding="UTF-8"?>
<!-- Generated by org.testng.reporters.JUnitXMLReporter -->
<testsuite ignored="0" hostname="LP95" failures="1" tests="3" name="Test" time="2.295" errors="0" timestamp="2024-04-18T10:32:33 IST">
  <testcase classname="Practice.PracticeFirstTest" name="navigateToGoogle" time="2.024"/>
  <testcase classname="Practice.PracticeFirstTest" name="keystobesend" time="0.165">
    <failure type="java.lang.AssertionError" message="expected [Goggle] but found [Google]">
      <![CDATA[java.lang.AssertionError: expected [Goggle] but found [Google]
at Practice.PracticeFirstTest.keystobesend(PracticeFirstTest.java:46)
at java.base/java.util.ArrayList.forEach(ArrayList.java:1511)
... Removed 33 stack frames]]>
    </failure>
  </testcase> <!-- keystobesend -->
  <testcase classname="Practice.PracticeFirstTest" name="jenkinspractice" time="0.01"/>
</testsuite> <!-- Test -->
