<?xml version="1.0" encoding="UTF-8"?>
<!-- Generated by org.testng.reporters.JUnitXMLReporter -->
<testsuite ignored="0" hostname="LP95" failures="0" tests="3" name="Default test" time="3.795" errors="0" timestamp="2024-04-18T14:49:55 IST">
  <testcase classname="Practice.PracticeFirstTest" name="navigateToGoogle" time="3.683"/>
  <testcase classname="Practice.PracticeFirstTest" name="keystobesend" time="0.026"/>
  <testcase classname="Practice.PracticeFirstTest" name="jenkinspractice" time="0.002"/>
</testsuite> <!-- Default test -->
